<?xml version="1.0" encoding="UTF-8"?>
<!-- Generated by org.testng.reporters.JUnitReportReporter -->
<testsuite ignored="0" hostname="DESKTOP-55SPHHG" failures="0" tests="1" name="Tests.RegisterTest" time="1.597" errors="0" timestamp="20 Aug 2020 12:53:17 GMT" skipped="0">
  <testcase classname="Tests.RegisterTest" name="RegTest" time="1.597"/>
</testsuite> <!-- Tests.RegisterTest -->
